Determining if the pthread_create exist failed with the following output:
Change Dir: /home/alexey/work/programming/opencv_projects/cameraColibrate/cmake-build-debug/CMakeFiles/CMakeTmp

Run Build Command:"/usr/bin/make" "cmTC_b7a55/fast"
make[1]: вход в каталог «/home/alexey/work/programming/opencv_projects/cameraColibrate/cmake-build-debug/CMakeFiles/CMakeTmp»
/usr/bin/make -f CMakeFiles/cmTC_b7a55.dir/build.make CMakeFiles/cmTC_b7a55.dir/build
make[2]: вход в каталог «/home/alexey/work/programming/opencv_projects/cameraColibrate/cmake-build-debug/CMakeFiles/CMakeTmp»
Building C object CMakeFiles/cmTC_b7a55.dir/CheckSymbolExists.c.o
/usr/bin/cc   -fPIC    -o CMakeFiles/cmTC_b7a55.dir/CheckSymbolExists.c.o   -c /home/alexey/work/programming/opencv_projects/cameraColibrate/cmake-build-debug/CMakeFiles/CMakeTmp/CheckSymbolExists.c
Linking C executable cmTC_b7a55
/home/alexey/Загрузки/clion-2017.3.1/bin/cmake/bin/cmake -E cmake_link_script CMakeFiles/cmTC_b7a55.dir/link.txt --verbose=1
/usr/bin/cc -fPIC     CMakeFiles/cmTC_b7a55.dir/CheckSymbolExists.c.o  -o cmTC_b7a55 
CMakeFiles/cmTC_b7a55.dir/CheckSymbolExists.c.o: In function `main':
CheckSymbolExists.c:(.text+0x1b): undefined reference to `pthread_create'
collect2: error: ld returned 1 exit status
CMakeFiles/cmTC_b7a55.dir/build.make:97: ошибка выполнения рецепта для цели «cmTC_b7a55»
make[2]: *** [cmTC_b7a55] Ошибка 1
make[2]: выход из каталога «/home/alexey/work/programming/opencv_projects/cameraColibrate/cmake-build-debug/CMakeFiles/CMakeTmp»
Makefile:126: ошибка выполнения рецепта для цели «cmTC_b7a55/fast»
make[1]: *** [cmTC_b7a55/fast] Ошибка 2
make[1]: выход из каталога «/home/alexey/work/programming/opencv_projects/cameraColibrate/cmake-build-debug/CMakeFiles/CMakeTmp»

File /home/alexey/work/programming/opencv_projects/cameraColibrate/cmake-build-debug/CMakeFiles/CMakeTmp/CheckSymbolExists.c:
/* */
#include <pthread.h>

int main(int argc, char** argv)
{
  (void)argv;
#ifndef pthread_create
  return ((int*)(&pthread_create))[argc];
#else
  (void)argc;
  return 0;
#endif
}

Determining if the function pthread_create exists in the pthreads failed with the following output:
Change Dir: /home/alexey/work/programming/opencv_projects/cameraColibrate/cmake-build-debug/CMakeFiles/CMakeTmp

Run Build Command:"/usr/bin/make" "cmTC_271e7/fast"
make[1]: вход в каталог «/home/alexey/work/programming/opencv_projects/cameraColibrate/cmake-build-debug/CMakeFiles/CMakeTmp»
/usr/bin/make -f CMakeFiles/cmTC_271e7.dir/build.make CMakeFiles/cmTC_271e7.dir/build
make[2]: вход в каталог «/home/alexey/work/programming/opencv_projects/cameraColibrate/cmake-build-debug/CMakeFiles/CMakeTmp»
Building C object CMakeFiles/cmTC_271e7.dir/CheckFunctionExists.c.o
/usr/bin/cc   -fPIC -DCHECK_FUNCTION_EXISTS=pthread_create   -o CMakeFiles/cmTC_271e7.dir/CheckFunctionExists.c.o   -c /home/alexey/Загрузки/clion-2017.3.1/bin/cmake/share/cmake-3.9/Modules/CheckFunctionExists.c
Linking C executable cmTC_271e7
/home/alexey/Загрузки/clion-2017.3.1/bin/cmake/bin/cmake -E cmake_link_script CMakeFiles/cmTC_271e7.dir/link.txt --verbose=1
/usr/bin/cc -fPIC -DCHECK_FUNCTION_EXISTS=pthread_create    CMakeFiles/cmTC_271e7.dir/CheckFunctionExists.c.o  -o cmTC_271e7 -lpthreads 
/usr/bin/ld: cannot find -lpthreads
collect2: error: ld returned 1 exit status
CMakeFiles/cmTC_271e7.dir/build.make:97: ошибка выполнения рецепта для цели «cmTC_271e7»
make[2]: *** [cmTC_271e7] Ошибка 1
make[2]: выход из каталога «/home/alexey/work/programming/opencv_projects/cameraColibrate/cmake-build-debug/CMakeFiles/CMakeTmp»
Makefile:126: ошибка выполнения рецепта для цели «cmTC_271e7/fast»
make[1]: *** [cmTC_271e7/fast] Ошибка 2
make[1]: выход из каталога «/home/alexey/work/programming/opencv_projects/cameraColibrate/cmake-build-debug/CMakeFiles/CMakeTmp»


